<?xml version="1.0" encoding="UTF-8"?>
<testsuite name="org.apache.calcite.test.RelOptRulesTest" time="6.947" tests="199" errors="0" skipped="5" failures="0">
  <properties>
    <property name="java.runtime.name" value="Java(TM) SE Runtime Environment"/>
    <property name="sun.boot.library.path" value="/Library/Java/JavaVirtualMachines/jdk1.8.0_144.jdk/Contents/Home/jre/lib"/>
    <property name="java.vm.version" value="25.144-b01"/>
    <property name="gopherProxySet" value="false"/>
    <property name="java.vm.vendor" value="Oracle Corporation"/>
    <property name="maven.multiModuleProjectDirectory" value="/Users/shalini/Documents/DRFall2017/calcite/apache-calcite-1.10.0-src"/>
    <property name="java.vendor.url" value="http://java.oracle.com/"/>
    <property name="path.separator" value=":"/>
    <property name="guice.disable.misplaced.annotation.check" value="true"/>
    <property name="java.vm.name" value="Java HotSpot(TM) 64-Bit Server VM"/>
    <property name="file.encoding.pkg" value="sun.io"/>
    <property name="user.country" value="US"/>
    <property name="sun.java.launcher" value="SUN_STANDARD"/>
    <property name="sun.os.patch.level" value="unknown"/>
    <property name="java.vm.specification.name" value="Java Virtual Machine Specification"/>
    <property name="user.dir" value="/Users/shalini/Documents/DRFall2017/calcite/apache-calcite-1.10.0-src"/>
    <property name="java.runtime.version" value="1.8.0_144-b01"/>
    <property name="java.awt.graphicsenv" value="sun.awt.CGraphicsEnvironment"/>
    <property name="java.endorsed.dirs" value="/Library/Java/JavaVirtualMachines/jdk1.8.0_144.jdk/Contents/Home/jre/lib/endorsed"/>
    <property name="os.arch" value="x86_64"/>
    <property name="java.io.tmpdir" value="/var/folders/5g/l2rk_dhd08l5whxnhpf240040000gn/T/"/>
    <property name="line.separator" value="&#10;"/>
    <property name="java.vm.specification.vendor" value="Oracle Corporation"/>
    <property name="os.name" value="Mac OS X"/>
    <property name="classworlds.conf" value="/Users/shalini/Downloads/apache-maven-3.5.0/bin/m2.conf"/>
    <property name="sun.jnu.encoding" value="UTF-8"/>
    <property name="java.library.path" value="/Users/shalini/Library/Java/Extensions:/Library/Java/Extensions:/Network/Library/Java/Extensions:/System/Library/Java/Extensions:/usr/lib/java:."/>
    <property name="maven.conf" value="/Users/shalini/Downloads/apache-maven-3.5.0/conf"/>
    <property name="java.specification.name" value="Java Platform API Specification"/>
    <property name="java.class.version" value="52.0"/>
    <property name="sun.management.compiler" value="HotSpot 64-Bit Tiered Compilers"/>
    <property name="os.version" value="10.12.5"/>
    <property name="library.jansi.path" value="/Users/shalini/Downloads/apache-maven-3.5.0/lib/jansi-native/osx64"/>
    <property name="http.nonProxyHosts" value="local|*.local|169.254/16|*.169.254/16"/>
    <property name="user.home" value="/Users/shalini"/>
    <property name="user.timezone" value="America/Los_Angeles"/>
    <property name="java.awt.printerjob" value="sun.lwawt.macosx.CPrinterJob"/>
    <property name="java.specification.version" value="1.8"/>
    <property name="file.encoding" value="UTF-8"/>
    <property name="user.name" value="shalini"/>
    <property name="java.class.path" value="/Users/shalini/Downloads/apache-maven-3.5.0/boot/plexus-classworlds-2.5.2.jar"/>
    <property name="java.vm.specification.version" value="1.8"/>
    <property name="sun.arch.data.model" value="64"/>
    <property name="java.home" value="/Library/Java/JavaVirtualMachines/jdk1.8.0_144.jdk/Contents/Home/jre"/>
    <property name="sun.java.command" value="org.codehaus.plexus.classworlds.launcher.Launcher install"/>
    <property name="java.specification.vendor" value="Oracle Corporation"/>
    <property name="user.language" value="en"/>
    <property name="awt.toolkit" value="sun.lwawt.macosx.LWCToolkit"/>
    <property name="java.vm.info" value="mixed mode"/>
    <property name="java.version" value="1.8.0_144"/>
    <property name="java.ext.dirs" value="/Users/shalini/Library/Java/Extensions:/Library/Java/JavaVirtualMachines/jdk1.8.0_144.jdk/Contents/Home/jre/lib/ext:/Library/Java/Extensions:/Network/Library/Java/Extensions:/System/Library/Java/Extensions:/usr/lib/java"/>
    <property name="sun.boot.class.path" value="/Library/Java/JavaVirtualMachines/jdk1.8.0_144.jdk/Contents/Home/jre/lib/resources.jar:/Library/Java/JavaVirtualMachines/jdk1.8.0_144.jdk/Contents/Home/jre/lib/rt.jar:/Library/Java/JavaVirtualMachines/jdk1.8.0_144.jdk/Contents/Home/jre/lib/sunrsasign.jar:/Library/Java/JavaVirtualMachines/jdk1.8.0_144.jdk/Contents/Home/jre/lib/jsse.jar:/Library/Java/JavaVirtualMachines/jdk1.8.0_144.jdk/Contents/Home/jre/lib/jce.jar:/Library/Java/JavaVirtualMachines/jdk1.8.0_144.jdk/Contents/Home/jre/lib/charsets.jar:/Library/Java/JavaVirtualMachines/jdk1.8.0_144.jdk/Contents/Home/jre/lib/jfr.jar:/Library/Java/JavaVirtualMachines/jdk1.8.0_144.jdk/Contents/Home/jre/classes"/>
    <property name="java.vendor" value="Oracle Corporation"/>
    <property name="maven.home" value="/Users/shalini/Downloads/apache-maven-3.5.0"/>
    <property name="file.separator" value="/"/>
    <property name="java.vendor.url.bug" value="http://bugreport.sun.com/bugreport/"/>
    <property name="sun.cpu.endian" value="little"/>
    <property name="sun.io.unicode.encoding" value="UnicodeBig"/>
    <property name="socksNonProxyHosts" value="local|*.local|169.254/16|*.169.254/16"/>
    <property name="ftp.nonProxyHosts" value="local|*.local|169.254/16|*.169.254/16"/>
    <property name="sun.cpu.isalist" value=""/>
  </properties>
  <testcase name="testWindowInParenthesis" classname="org.apache.calcite.test.RelOptRulesTest" time="0.153"/>
  <testcase name="testPullNull" classname="org.apache.calcite.test.RelOptRulesTest" time="0.13"/>
  <testcase name="testEmptyFilterProjectUnion" classname="org.apache.calcite.test.RelOptRulesTest" time="0.112"/>
  <testcase name="testReduceCastAndConsts" classname="org.apache.calcite.test.RelOptRulesTest" time="0.042"/>
  <testcase name="testPushSemiJoinPastJoinRuleRight" classname="org.apache.calcite.test.RelOptRulesTest" time="0.043"/>
  <testcase name="testPushCountNullableThroughUnion" classname="org.apache.calcite.test.RelOptRulesTest" time="0.044"/>
  <testcase name="testReduceCase" classname="org.apache.calcite.test.RelOptRulesTest" time="0.024"/>
  <testcase name="testReduceValuesNull" classname="org.apache.calcite.test.RelOptRulesTest" time="0">
    <skipped/>
  </testcase>
  <testcase name="testPullConstantThroughAggregateAllConst" classname="org.apache.calcite.test.RelOptRulesTest" time="0.022"/>
  <testcase name="testReduceValuesUnderProjectFilter" classname="org.apache.calcite.test.RelOptRulesTest" time="0.05"/>
  <testcase name="testReduceValuesUnderProject" classname="org.apache.calcite.test.RelOptRulesTest" time="0.033"/>
  <testcase name="testAggregateConstantKeyRule" classname="org.apache.calcite.test.RelOptRulesTest" time="0.067"/>
  <testcase name="testExpandFilterExistsSimpleAnd" classname="org.apache.calcite.test.RelOptRulesTest" time="0.036"/>
  <testcase name="testReduceValuesUnderFilter" classname="org.apache.calcite.test.RelOptRulesTest" time="0.091"/>
  <testcase name="testNestedAggregates" classname="org.apache.calcite.test.RelOptRulesTest" time="0.077"/>
  <testcase name="testReduceConstantsDup" classname="org.apache.calcite.test.RelOptRulesTest" time="0.093"/>
  <testcase name="testDistinctCountMixedJoin" classname="org.apache.calcite.test.RelOptRulesTest" time="0.052"/>
  <testcase name="testAggregateProjectMerge" classname="org.apache.calcite.test.RelOptRulesTest" time="0.05"/>
  <testcase name="testRemoveSemiJoin" classname="org.apache.calcite.test.RelOptRulesTest" time="0.064"/>
  <testcase name="testPullConstantThroughUnion" classname="org.apache.calcite.test.RelOptRulesTest" time="0.034"/>
  <testcase name="testWhereInCorrelated" classname="org.apache.calcite.test.RelOptRulesTest" time="0.053"/>
  <testcase name="testReduceConstantsNullEqualsOne" classname="org.apache.calcite.test.RelOptRulesTest" time="0.05"/>
  <testcase name="testDistinctCountMultiple" classname="org.apache.calcite.test.RelOptRulesTest" time="0.021"/>
  <testcase name="testConvertMultiJoinRule" classname="org.apache.calcite.test.RelOptRulesTest" time="0.07"/>
  <testcase name="testExpandFilterInComposite" classname="org.apache.calcite.test.RelOptRulesTest" time="0.03"/>
  <testcase name="testPullFilterThroughAggregateGroupingSets" classname="org.apache.calcite.test.RelOptRulesTest" time="0.071"/>
  <testcase name="testReduceConstantsRequiresExecutor" classname="org.apache.calcite.test.RelOptRulesTest" time="0.046"/>
  <testcase name="testExtractYearMonthToRange" classname="org.apache.calcite.test.RelOptRulesTest" time="0.03"/>
  <testcase name="testTransitiveInferenceJoin3wayAgg" classname="org.apache.calcite.test.RelOptRulesTest" time="0.04"/>
  <testcase name="testReduceConstantsProjectNullable" classname="org.apache.calcite.test.RelOptRulesTest" time="0.031"/>
  <testcase name="testTransitiveInferencePreventProjectPullUp" classname="org.apache.calcite.test.RelOptRulesTest" time="0.005"/>
  <testcase name="testExpressionInWindowFunction" classname="org.apache.calcite.test.RelOptRulesTest" time="0.033"/>
  <testcase name="testTransitiveInferenceJoin3way" classname="org.apache.calcite.test.RelOptRulesTest" time="0.021"/>
  <testcase name="testPushCountStarThroughUnion" classname="org.apache.calcite.test.RelOptRulesTest" time="0.005"/>
  <testcase name="testRemoveSemiJoinRight" classname="org.apache.calcite.test.RelOptRulesTest" time="0.051"/>
  <testcase name="testReduceExpressionsNot" classname="org.apache.calcite.test.RelOptRulesTest" time="0.033"/>
  <testcase name="testPushAggregateFunctionsThroughJoin" classname="org.apache.calcite.test.RelOptRulesTest" time="0.051"/>
  <testcase name="testTransitiveInferenceProject" classname="org.apache.calcite.test.RelOptRulesTest" time="0.005"/>
  <testcase name="testPushAvgThroughUnion" classname="org.apache.calcite.test.RelOptRulesTest" time="0.017"/>
  <testcase name="testReduceConstantsCalc" classname="org.apache.calcite.test.RelOptRulesTest" time="0.065"/>
  <testcase name="testReduceConstantsDup2" classname="org.apache.calcite.test.RelOptRulesTest" time="0.02"/>
  <testcase name="testPushCountFilterThroughUnion" classname="org.apache.calcite.test.RelOptRulesTest" time="0.033"/>
  <testcase name="testReduceConstantsNegatedInverted" classname="org.apache.calcite.test.RelOptRulesTest" time="0.016"/>
  <testcase name="testPushSumCountStarGroupingSetsThroughUnion" classname="org.apache.calcite.test.RelOptRulesTest" time="0.031"/>
  <testcase name="testPushSemiJoinPastJoinRuleLeft" classname="org.apache.calcite.test.RelOptRulesTest" time="0.042"/>
  <testcase name="testExtractJoinFilterRule" classname="org.apache.calcite.test.RelOptRulesTest" time="0.027"/>
  <testcase name="testPushAggregateThroughJoinDistinct" classname="org.apache.calcite.test.RelOptRulesTest" time="0.032"/>
  <testcase name="testTransitiveInferenceFullOuterJoin" classname="org.apache.calcite.test.RelOptRulesTest" time="0.021"/>
  <testcase name="testExpandFilterExistsSimple" classname="org.apache.calcite.test.RelOptRulesTest" time="0.019"/>
  <testcase name="testPullConstantThroughAggregatePermutedConstGroupBy" classname="org.apache.calcite.test.RelOptRulesTest" time="0.016"/>
  <testcase name="testPushSumCountStarThroughUnion" classname="org.apache.calcite.test.RelOptRulesTest" time="0.016"/>
  <testcase name="testPushFilterWithRank" classname="org.apache.calcite.test.RelOptRulesTest" time="0.015"/>
  <testcase name="testPushSumNullableGroupingSetsThroughUnion" classname="org.apache.calcite.test.RelOptRulesTest" time="0.015"/>
  <testcase name="testMergeFilter" classname="org.apache.calcite.test.RelOptRulesTest" time="0.014"/>
  <testcase name="testDistinctCountGroupingSets1" classname="org.apache.calcite.test.RelOptRulesTest" time="0.064"/>
  <testcase name="testDistinctCountGroupingSets2" classname="org.apache.calcite.test.RelOptRulesTest" time="0.024"/>
  <testcase name="testPushProjectPastSetOp" classname="org.apache.calcite.test.RelOptRulesTest" time="0.087"/>
  <testcase name="testPushFilterPastAgg" classname="org.apache.calcite.test.RelOptRulesTest" time="0.026"/>
  <testcase name="testEmptyJoin" classname="org.apache.calcite.test.RelOptRulesTest" time="0.024"/>
  <testcase name="testEmptySort" classname="org.apache.calcite.test.RelOptRulesTest" time="0.037"/>
  <testcase name="testMergeFilterWithJoinCondition" classname="org.apache.calcite.test.RelOptRulesTest" time="0">
    <skipped message="cycles"/>
  </testcase>
  <testcase name="testReduceConstantsIsNull" classname="org.apache.calcite.test.RelOptRulesTest" time="0.015"/>
  <testcase name="testTransitiveInferenceJoin" classname="org.apache.calcite.test.RelOptRulesTest" time="0.004"/>
  <testcase name="testPushCountNullableGroupingSetsThroughUnion" classname="org.apache.calcite.test.RelOptRulesTest" time="0.017"/>
  <testcase name="testFullOuterJoinSimplificationToRightOuter" classname="org.apache.calcite.test.RelOptRulesTest" time="0.057"/>
  <testcase name="testPushFilterPastAggTwo" classname="org.apache.calcite.test.RelOptRulesTest" time="0.04"/>
  <testcase name="testPushAggregateSumNoGroup" classname="org.apache.calcite.test.RelOptRulesTest" time="0.052"/>
  <testcase name="testPushFilterPastAggFour" classname="org.apache.calcite.test.RelOptRulesTest" time="0.039"/>
  <testcase name="testSortUnionTranspose" classname="org.apache.calcite.test.RelOptRulesTest" time="0.05"/>
  <testcase name="testReduceConstantsNegated" classname="org.apache.calcite.test.RelOptRulesTest" time="0.025"/>
  <testcase name="testPushSemiJoinPastProject" classname="org.apache.calcite.test.RelOptRulesTest" time="0.038"/>
  <testcase name="testPushFilterWithRankExpr" classname="org.apache.calcite.test.RelOptRulesTest" time="0.025"/>
  <testcase name="testExpandJoinIn" classname="org.apache.calcite.test.RelOptRulesTest" time="0.024"/>
  <testcase name="testEmptyAggregateEmptyKey" classname="org.apache.calcite.test.RelOptRulesTest" time="0.038"/>
  <testcase name="testSortJoinTranspose1" classname="org.apache.calcite.test.RelOptRulesTest" time="0.05"/>
  <testcase name="testSortJoinTranspose2" classname="org.apache.calcite.test.RelOptRulesTest" time="0.06"/>
  <testcase name="testSortJoinTranspose3" classname="org.apache.calcite.test.RelOptRulesTest" time="0.024"/>
  <testcase name="testSortJoinTranspose4" classname="org.apache.calcite.test.RelOptRulesTest" time="0.024"/>
  <testcase name="testSemiJoinRule" classname="org.apache.calcite.test.RelOptRulesTest" time="0.234"/>
  <testcase name="testSemiJoinTrim" classname="org.apache.calcite.test.RelOptRulesTest" time="0.222"/>
  <testcase name="testTransitiveInferenceConstantEquiPredicate" classname="org.apache.calcite.test.RelOptRulesTest" time="0.003"/>
  <testcase name="testReduceValuesToEmpty" classname="org.apache.calcite.test.RelOptRulesTest" time="0.242"/>
  <testcase name="testPushProjectPastFilter" classname="org.apache.calcite.test.RelOptRulesTest" time="0.026"/>
  <testcase name="testAggregateGroupingSetsProjectMerge" classname="org.apache.calcite.test.RelOptRulesTest" time="0.052"/>
  <testcase name="testPushFilterThroughSemiJoin" classname="org.apache.calcite.test.RelOptRulesTest" time="0.031"/>
  <testcase name="testDistinctCountMultipleViaJoin" classname="org.apache.calcite.test.RelOptRulesTest" time="0.03"/>
  <testcase name="testPushMinThroughUnion" classname="org.apache.calcite.test.RelOptRulesTest" time="0.007"/>
  <testcase name="testPushSumConstantGroupingSetsThroughUnion" classname="org.apache.calcite.test.RelOptRulesTest" time="0.007"/>
  <testcase name="testPushFilterPastAggWithGroupingSets1" classname="org.apache.calcite.test.RelOptRulesTest" time="0.004"/>
  <testcase name="testPushFilterPastAggWithGroupingSets2" classname="org.apache.calcite.test.RelOptRulesTest" time="0.004"/>
  <testcase name="testTransitiveInferenceUnion3way" classname="org.apache.calcite.test.RelOptRulesTest" time="0.018"/>
  <testcase name="testPullConstantThroughConstLast" classname="org.apache.calcite.test.RelOptRulesTest" time="0.013"/>
  <testcase name="testEmptyJoinRight" classname="org.apache.calcite.test.RelOptRulesTest" time="0.012"/>
  <testcase name="testTransitiveInferenceLeftOuterJoin" classname="org.apache.calcite.test.RelOptRulesTest" time="0.015"/>
  <testcase name="testPushMaxNullableGroupingSetsThroughUnion" classname="org.apache.calcite.test.RelOptRulesTest" time="0.017"/>
  <testcase name="testReduceConstants2" classname="org.apache.calcite.test.RelOptRulesTest" time="0.056"/>
  <testcase name="testPushJoinThroughUnionOnRight" classname="org.apache.calcite.test.RelOptRulesTest" time="0.03"/>
  <testcase name="testFullOuterJoinSimplificationToInner" classname="org.apache.calcite.test.RelOptRulesTest" time="0.028"/>
  <testcase name="testPushAvgGroupingSetsThroughUnion" classname="org.apache.calcite.test.RelOptRulesTest" time="0.04"/>
  <testcase name="testReduceOrCaseWhen" classname="org.apache.calcite.test.RelOptRulesTest" time="0.055"/>
  <testcase name="testHeterogeneousConversion" classname="org.apache.calcite.test.RelOptRulesTest" time="0">
    <skipped message="cycles"/>
  </testcase>
  <testcase name="testReduceAverage" classname="org.apache.calcite.test.RelOptRulesTest" time="0.018"/>
  <testcase name="testReduceCasts" classname="org.apache.calcite.test.RelOptRulesTest" time="0.05"/>
  <testcase name="testLeftOuterJoinSimplificationToInner" classname="org.apache.calcite.test.RelOptRulesTest" time="0.015"/>
  <testcase name="testPushSumNullableNOGBYThroughUnion" classname="org.apache.calcite.test.RelOptRulesTest" time="0.014"/>
  <testcase name="testPushAggregateThroughJoin1" classname="org.apache.calcite.test.RelOptRulesTest" time="0.039"/>
  <testcase name="testPushAggregateThroughJoin2" classname="org.apache.calcite.test.RelOptRulesTest" time="0.039"/>
  <testcase name="testPushAggregateThroughJoin3" classname="org.apache.calcite.test.RelOptRulesTest" time="0.028"/>
  <testcase name="testPushFilterPastProject" classname="org.apache.calcite.test.RelOptRulesTest" time="0.027"/>
  <testcase name="testReduceConstants" classname="org.apache.calcite.test.RelOptRulesTest" time="0.038"/>
  <testcase name="testPushSumNullConstantThroughUnion" classname="org.apache.calcite.test.RelOptRulesTest" time="0.063"/>
  <testcase name="testMergeJoinFilter" classname="org.apache.calcite.test.RelOptRulesTest" time="0.012"/>
  <testcase name="testStrengthenJoinType" classname="org.apache.calcite.test.RelOptRulesTest" time="0.027"/>
  <testcase name="testExpandWhereComparisonCorrelated" classname="org.apache.calcite.test.RelOptRulesTest" time="0.035"/>
  <testcase name="testPushAggregateSumThroughJoin" classname="org.apache.calcite.test.RelOptRulesTest" time="0.033"/>
  <testcase name="testExpandFilterIn" classname="org.apache.calcite.test.RelOptRulesTest" time="0.023"/>
  <testcase name="testReduceConstantsCaseEquals" classname="org.apache.calcite.test.RelOptRulesTest" time="0.017"/>
  <testcase name="testTransitiveInferenceNoPullUpExprs" classname="org.apache.calcite.test.RelOptRulesTest" time="0.004"/>
  <testcase name="testTransitiveInferenceConjunctInPullUp" classname="org.apache.calcite.test.RelOptRulesTest" time="0.003"/>
  <testcase name="testPullConstantThroughAggregateSimpleNonNullable" classname="org.apache.calcite.test.RelOptRulesTest" time="0.024"/>
  <testcase name="testUnionToDistinctRule" classname="org.apache.calcite.test.RelOptRulesTest" time="0.025"/>
  <testcase name="testPushSemiJoinPastFilter" classname="org.apache.calcite.test.RelOptRulesTest" time="0.036"/>
  <testcase name="testPullAggregateThroughUnion" classname="org.apache.calcite.test.RelOptRulesTest" time="0.015"/>
  <testcase name="testPullConstantIntoFilter" classname="org.apache.calcite.test.RelOptRulesTest" time="0.041"/>
  <testcase name="testPushSumNullableThroughUnion" classname="org.apache.calcite.test.RelOptRulesTest" time="0.016"/>
  <testcase name="testEmptyAggregate" classname="org.apache.calcite.test.RelOptRulesTest" time="0.027"/>
  <testcase name="testConvertMultiJoinRuleOuterJoins2" classname="org.apache.calcite.test.RelOptRulesTest" time="0.049"/>
  <testcase name="testConvertMultiJoinRuleOuterJoins3" classname="org.apache.calcite.test.RelOptRulesTest" time="0.036"/>
  <testcase name="testConvertMultiJoinRuleOuterJoins4" classname="org.apache.calcite.test.RelOptRulesTest" time="0.025"/>
  <testcase name="testProjectToWindowRuleForMultipleWindows" classname="org.apache.calcite.test.RelOptRulesTest" time="0.038"/>
  <testcase name="testTransitiveInferencePullUpThruAlias" classname="org.apache.calcite.test.RelOptRulesTest" time="0.015"/>
  <testcase name="testProjectWindowTransposeRule" classname="org.apache.calcite.test.RelOptRulesTest" time="0.015"/>
  <testcase name="testTransitiveInferenceAggregate" classname="org.apache.calcite.test.RelOptRulesTest" time="0.013"/>
  <testcase name="testExtractYearToRange" classname="org.apache.calcite.test.RelOptRulesTest" time="0.03"/>
  <testcase name="testEmptySortLimitZero" classname="org.apache.calcite.test.RelOptRulesTest" time="0.044"/>
  <testcase name="testDistinctCount1" classname="org.apache.calcite.test.RelOptRulesTest" time="0.031"/>
  <testcase name="testDistinctCount2" classname="org.apache.calcite.test.RelOptRulesTest" time="0.038"/>
  <testcase name="testExpandProjectIn" classname="org.apache.calcite.test.RelOptRulesTest" time="0.015"/>
  <testcase name="testPushCountStarGroupingSetsThroughUnion" classname="org.apache.calcite.test.RelOptRulesTest" time="0.027"/>
  <testcase name="testDistinctNonDistinctAggregates" classname="org.apache.calcite.test.RelOptRulesTest" time="0.012"/>
  <testcase name="testProjectWindowTransposeRuleWithConstants" classname="org.apache.calcite.test.RelOptRulesTest" time="0.057"/>
  <testcase name="testJoinProjectTranspose" classname="org.apache.calcite.test.RelOptRulesTest" time="0.056"/>
  <testcase name="testReduceConstantsIsNotNull" classname="org.apache.calcite.test.RelOptRulesTest" time="0.024"/>
  <testcase name="testPushMinGroupingSetsThroughUnion" classname="org.apache.calcite.test.RelOptRulesTest" time="0.004"/>
  <testcase name="testPullConstantThroughAggregateConstGroupBy" classname="org.apache.calcite.test.RelOptRulesTest" time="0.003"/>
  <testcase name="testPushProjectPastJoin" classname="org.apache.calcite.test.RelOptRulesTest" time="0.023"/>
  <testcase name="testPullConstantThroughAggregatePermuted" classname="org.apache.calcite.test.RelOptRulesTest" time="0.011"/>
  <testcase name="testExpandJoinExists" classname="org.apache.calcite.test.RelOptRulesTest" time="0.012"/>
  <testcase name="testPullConstantIntoProject" classname="org.apache.calcite.test.RelOptRulesTest" time="0.018"/>
  <testcase name="testTransitiveInferenceUnionAlwaysTrue" classname="org.apache.calcite.test.RelOptRulesTest" time="0.005"/>
  <testcase name="testPushSumConstantThroughUnion" classname="org.apache.calcite.test.RelOptRulesTest" time="0.004"/>
  <testcase name="testAddRedundantSemiJoinRule" classname="org.apache.calcite.test.RelOptRulesTest" time="0.026"/>
  <testcase name="testExpandProjectExists" classname="org.apache.calcite.test.RelOptRulesTest" time="0.048"/>
  <testcase name="testRemoveSemiJoinWithFilter" classname="org.apache.calcite.test.RelOptRulesTest" time="0.056"/>
  <testcase name="testTransitiveInferenceUnion3wayOr" classname="org.apache.calcite.test.RelOptRulesTest" time="0">
    <skipped message="not working"/>
  </testcase>
  <testcase name="testRightOuterJoinSimplificationToInner" classname="org.apache.calcite.test.RelOptRulesTest" time="0.041"/>
  <testcase name="testReduceCastsNullable" classname="org.apache.calcite.test.RelOptRulesTest" time="0">
    <skipped/>
  </testcase>
  <testcase name="testDistinctCountMixed" classname="org.apache.calcite.test.RelOptRulesTest" time="0.035"/>
  <testcase name="testPushJoinCondDownToProject" classname="org.apache.calcite.test.RelOptRulesTest" time="0.052"/>
  <testcase name="testRemoveSemiJoinRightWithFilter" classname="org.apache.calcite.test.RelOptRulesTest" time="0.036"/>
  <testcase name="testFullOuterJoinSimplificationToLeftOuter" classname="org.apache.calcite.test.RelOptRulesTest" time="0.024"/>
  <testcase name="testPullConstantThroughAggregatePermutedConstFirst" classname="org.apache.calcite.test.RelOptRulesTest" time="0.021"/>
  <testcase name="testConvertMultiJoinRuleOuterJoins" classname="org.apache.calcite.test.RelOptRulesTest" time="0.034"/>
  <testcase name="testTransitiveInferenceUnion" classname="org.apache.calcite.test.RelOptRulesTest" time="0.003"/>
  <testcase name="testPullConstantIntoJoin" classname="org.apache.calcite.test.RelOptRulesTest" time="0.043"/>
  <testcase name="testReduceConstantsCaseEquals2" classname="org.apache.calcite.test.RelOptRulesTest" time="0.029"/>
  <testcase name="testReduceConstantsCaseEquals3" classname="org.apache.calcite.test.RelOptRulesTest" time="0.043"/>
  <testcase name="testExpandJoinScalar" classname="org.apache.calcite.test.RelOptRulesTest" time="0.017"/>
  <testcase name="testPullConstantThroughAggregateAllLiterals" classname="org.apache.calcite.test.RelOptRulesTest" time="0.029"/>
  <testcase name="testSwapOuterJoin" classname="org.apache.calcite.test.RelOptRulesTest" time="0.037"/>
  <testcase name="testPushJoinThroughUnionOnLeft" classname="org.apache.calcite.test.RelOptRulesTest" time="0.034"/>
  <testcase name="testPushFilterPastAggThree" classname="org.apache.calcite.test.RelOptRulesTest" time="0.023"/>
  <testcase name="testReduceConstantsEliminatesFilter" classname="org.apache.calcite.test.RelOptRulesTest" time="0.021"/>
  <testcase name="testExpandFilterExists" classname="org.apache.calcite.test.RelOptRulesTest" time="0.022"/>
  <testcase name="testAggregateProjectPullUpConstants" classname="org.apache.calcite.test.RelOptRulesTest" time="0.047"/>
  <testcase name="testSemiJoinReduceConstants" classname="org.apache.calcite.test.RelOptRulesTest" time="0.052"/>
  <testcase name="testExpandProjectScalar" classname="org.apache.calcite.test.RelOptRulesTest" time="0.025"/>
  <testcase name="testDistinctCountMultipleNoGroup" classname="org.apache.calcite.test.RelOptRulesTest" time="0.048"/>
  <testcase name="testExpandProjectInNullable" classname="org.apache.calcite.test.RelOptRulesTest" time="0.036"/>
  <testcase name="testPullFilterThroughAggregate" classname="org.apache.calcite.test.RelOptRulesTest" time="0.033"/>
  <testcase name="testAggregateConstantKeyRule2" classname="org.apache.calcite.test.RelOptRulesTest" time="0.023"/>
  <testcase name="testAggregateConstantKeyRule3" classname="org.apache.calcite.test.RelOptRulesTest" time="0.024"/>
  <testcase name="testPullConstantIntoJoin2" classname="org.apache.calcite.test.RelOptRulesTest" time="0.065"/>
  <testcase name="testExpandProjectInComposite" classname="org.apache.calcite.test.RelOptRulesTest" time="0.026"/>
  <testcase name="testEmptyJoinLeft" classname="org.apache.calcite.test.RelOptRulesTest" time="0.027"/>
  <testcase name="testExpandJoinInComposite" classname="org.apache.calcite.test.RelOptRulesTest" time="0.029"/>
  <testcase name="testReduceNestedCaseWhen" classname="org.apache.calcite.test.RelOptRulesTest" time="0.026"/>
  <testcase name="testTransitiveInferenceRightOuterJoin" classname="org.apache.calcite.test.RelOptRulesTest" time="0.014"/>
  <testcase name="testDistinctCountMixed2" classname="org.apache.calcite.test.RelOptRulesTest" time="0.027"/>
  <testcase name="testPushSumNullConstantGroupingSetsThroughUnion" classname="org.apache.calcite.test.RelOptRulesTest" time="0.029"/>
  <testcase name="testExpandFilterIn3Value" classname="org.apache.calcite.test.RelOptRulesTest" time="0.039"/>
  <testcase name="testSortUnionTranspose2" classname="org.apache.calcite.test.RelOptRulesTest" time="0.026"/>
  <testcase name="testSortUnionTranspose3" classname="org.apache.calcite.test.RelOptRulesTest" time="0.012"/>
  <testcase name="testTransitiveInferenceComplexPredicate" classname="org.apache.calcite.test.RelOptRulesTest" time="0.022"/>
  <testcase name="testExpandFilterScalar" classname="org.apache.calcite.test.RelOptRulesTest" time="0.022"/>
  <testcase name="testAlreadyFalseEliminatesFilter" classname="org.apache.calcite.test.RelOptRulesTest" time="0.022"/>
  <testcase name="testPushMaxNullableThroughUnion" classname="org.apache.calcite.test.RelOptRulesTest" time="0.027"/>
  <testcase name="testPullConstantThroughUnion3" classname="org.apache.calcite.test.RelOptRulesTest" time="0.023"/>
  <testcase name="testPullConstantThroughUnion2" classname="org.apache.calcite.test.RelOptRulesTest" time="0.023"/>
</testsuite>