<?xml version="1.0" encoding="UTF-8"?>
<testsuite name="org.apache.calcite.test.ReflectiveSchemaTest" time="9.205" tests="29" errors="0" skipped="5" failures="0">
  <properties>
    <property name="java.runtime.name" value="Java(TM) SE Runtime Environment"/>
    <property name="sun.boot.library.path" value="/Library/Java/JavaVirtualMachines/jdk1.8.0_144.jdk/Contents/Home/jre/lib"/>
    <property name="java.vm.version" value="25.144-b01"/>
    <property name="gopherProxySet" value="false"/>
    <property name="java.vm.vendor" value="Oracle Corporation"/>
    <property name="maven.multiModuleProjectDirectory" value="/Users/shalini/Documents/DRFall2017/calcite/apache-calcite-1.10.0-src"/>
    <property name="java.vendor.url" value="http://java.oracle.com/"/>
    <property name="path.separator" value=":"/>
    <property name="guice.disable.misplaced.annotation.check" value="true"/>
    <property name="java.vm.name" value="Java HotSpot(TM) 64-Bit Server VM"/>
    <property name="file.encoding.pkg" value="sun.io"/>
    <property name="user.country" value="US"/>
    <property name="sun.java.launcher" value="SUN_STANDARD"/>
    <property name="sun.os.patch.level" value="unknown"/>
    <property name="java.vm.specification.name" value="Java Virtual Machine Specification"/>
    <property name="user.dir" value="/Users/shalini/Documents/DRFall2017/calcite/apache-calcite-1.10.0-src"/>
    <property name="java.runtime.version" value="1.8.0_144-b01"/>
    <property name="java.awt.graphicsenv" value="sun.awt.CGraphicsEnvironment"/>
    <property name="java.endorsed.dirs" value="/Library/Java/JavaVirtualMachines/jdk1.8.0_144.jdk/Contents/Home/jre/lib/endorsed"/>
    <property name="os.arch" value="x86_64"/>
    <property name="java.io.tmpdir" value="/var/folders/5g/l2rk_dhd08l5whxnhpf240040000gn/T/"/>
    <property name="line.separator" value="&#10;"/>
    <property name="java.vm.specification.vendor" value="Oracle Corporation"/>
    <property name="os.name" value="Mac OS X"/>
    <property name="classworlds.conf" value="/Users/shalini/Downloads/apache-maven-3.5.0/bin/m2.conf"/>
    <property name="sun.jnu.encoding" value="UTF-8"/>
    <property name="java.library.path" value="/Users/shalini/Library/Java/Extensions:/Library/Java/Extensions:/Network/Library/Java/Extensions:/System/Library/Java/Extensions:/usr/lib/java:."/>
    <property name="maven.conf" value="/Users/shalini/Downloads/apache-maven-3.5.0/conf"/>
    <property name="java.specification.name" value="Java Platform API Specification"/>
    <property name="java.class.version" value="52.0"/>
    <property name="sun.management.compiler" value="HotSpot 64-Bit Tiered Compilers"/>
    <property name="os.version" value="10.12.5"/>
    <property name="library.jansi.path" value="/Users/shalini/Downloads/apache-maven-3.5.0/lib/jansi-native/osx64"/>
    <property name="http.nonProxyHosts" value="local|*.local|169.254/16|*.169.254/16"/>
    <property name="user.home" value="/Users/shalini"/>
    <property name="user.timezone" value="America/Los_Angeles"/>
    <property name="java.awt.printerjob" value="sun.lwawt.macosx.CPrinterJob"/>
    <property name="java.specification.version" value="1.8"/>
    <property name="file.encoding" value="UTF-8"/>
    <property name="user.name" value="shalini"/>
    <property name="java.class.path" value="/Users/shalini/Downloads/apache-maven-3.5.0/boot/plexus-classworlds-2.5.2.jar"/>
    <property name="java.vm.specification.version" value="1.8"/>
    <property name="sun.arch.data.model" value="64"/>
    <property name="java.home" value="/Library/Java/JavaVirtualMachines/jdk1.8.0_144.jdk/Contents/Home/jre"/>
    <property name="sun.java.command" value="org.codehaus.plexus.classworlds.launcher.Launcher install"/>
    <property name="java.specification.vendor" value="Oracle Corporation"/>
    <property name="user.language" value="en"/>
    <property name="awt.toolkit" value="sun.lwawt.macosx.LWCToolkit"/>
    <property name="java.vm.info" value="mixed mode"/>
    <property name="java.version" value="1.8.0_144"/>
    <property name="java.ext.dirs" value="/Users/shalini/Library/Java/Extensions:/Library/Java/JavaVirtualMachines/jdk1.8.0_144.jdk/Contents/Home/jre/lib/ext:/Library/Java/Extensions:/Network/Library/Java/Extensions:/System/Library/Java/Extensions:/usr/lib/java"/>
    <property name="sun.boot.class.path" value="/Library/Java/JavaVirtualMachines/jdk1.8.0_144.jdk/Contents/Home/jre/lib/resources.jar:/Library/Java/JavaVirtualMachines/jdk1.8.0_144.jdk/Contents/Home/jre/lib/rt.jar:/Library/Java/JavaVirtualMachines/jdk1.8.0_144.jdk/Contents/Home/jre/lib/sunrsasign.jar:/Library/Java/JavaVirtualMachines/jdk1.8.0_144.jdk/Contents/Home/jre/lib/jsse.jar:/Library/Java/JavaVirtualMachines/jdk1.8.0_144.jdk/Contents/Home/jre/lib/jce.jar:/Library/Java/JavaVirtualMachines/jdk1.8.0_144.jdk/Contents/Home/jre/lib/charsets.jar:/Library/Java/JavaVirtualMachines/jdk1.8.0_144.jdk/Contents/Home/jre/lib/jfr.jar:/Library/Java/JavaVirtualMachines/jdk1.8.0_144.jdk/Contents/Home/jre/classes"/>
    <property name="java.vendor" value="Oracle Corporation"/>
    <property name="maven.home" value="/Users/shalini/Downloads/apache-maven-3.5.0"/>
    <property name="file.separator" value="/"/>
    <property name="java.vendor.url.bug" value="http://bugreport.sun.com/bugreport/"/>
    <property name="sun.cpu.endian" value="little"/>
    <property name="sun.io.unicode.encoding" value="UnicodeBig"/>
    <property name="socksNonProxyHosts" value="local|*.local|169.254/16|*.169.254/16"/>
    <property name="ftp.nonProxyHosts" value="local|*.local|169.254/16|*.169.254/16"/>
    <property name="sun.cpu.isalist" value=""/>
  </properties>
  <testcase name="testTableMacroIsView" classname="org.apache.calcite.test.ReflectiveSchemaTest" time="0">
    <skipped/>
  </testcase>
  <testcase name="testAggregateFunctions" classname="org.apache.calcite.test.ReflectiveSchemaTest" time="1.199"/>
  <testcase name="testQueryProvider" classname="org.apache.calcite.test.ReflectiveSchemaTest" time="0.054"/>
  <testcase name="testWhereNOT" classname="org.apache.calcite.test.ReflectiveSchemaTest" time="0.022"/>
  <testcase name="testColumnTypes" classname="org.apache.calcite.test.ReflectiveSchemaTest" time="0.024"/>
  <testcase name="testArrayOfBoxedPrimitives" classname="org.apache.calcite.test.ReflectiveSchemaTest" time="0">
    <skipped message="java.lang.AssertionError RelDataTypeImpl.getFieldList(RelDataTypeImpl.java:99)"/>
  </testcase>
  <testcase name="testView" classname="org.apache.calcite.test.ReflectiveSchemaTest" time="0.035"/>
  <testcase name="testArrayOfPrimitives" classname="org.apache.calcite.test.ReflectiveSchemaTest" time="0">
    <skipped message="java.lang.AssertionError RelDataTypeImpl.getFieldList(RelDataTypeImpl.java:99)"/>
  </testcase>
  <testcase name="testSelectNOT" classname="org.apache.calcite.test.ReflectiveSchemaTest" time="0.014"/>
  <testcase name="testSchemaFieldHasBadType" classname="org.apache.calcite.test.ReflectiveSchemaTest" time="0.017"/>
  <testcase name="testClassNames" classname="org.apache.calcite.test.ReflectiveSchemaTest" time="0.011"/>
  <testcase name="testDivideWraperWrapper" classname="org.apache.calcite.test.ReflectiveSchemaTest" time="0.039"/>
  <testcase name="testOp" classname="org.apache.calcite.test.ReflectiveSchemaTest" time="7.318"/>
  <testcase name="testDateColumn" classname="org.apache.calcite.test.ReflectiveSchemaTest" time="0.006"/>
  <testcase name="testCustomBoxedSalarCalc" classname="org.apache.calcite.test.ReflectiveSchemaTest" time="0.009"/>
  <testcase name="testOperator" classname="org.apache.calcite.test.ReflectiveSchemaTest" time="0">
    <skipped/>
  </testcase>
  <testcase name="testQueryProviderSingleColumn" classname="org.apache.calcite.test.ReflectiveSchemaTest" time="0.007"/>
  <testcase name="testJavaBoolean" classname="org.apache.calcite.test.ReflectiveSchemaTest" time="0.178"/>
  <testcase name="testCustomBoxedScalar" classname="org.apache.calcite.test.ReflectiveSchemaTest" time="0.01"/>
  <testcase name="testNoPublicFields" classname="org.apache.calcite.test.ReflectiveSchemaTest" time="0.012"/>
  <testcase name="testAvgInt" classname="org.apache.calcite.test.ReflectiveSchemaTest" time="0.03"/>
  <testcase name="testDivideWraperPrimitive" classname="org.apache.calcite.test.ReflectiveSchemaTest" time="0.028"/>
  <testcase name="testCastFromString" classname="org.apache.calcite.test.ReflectiveSchemaTest" time="0.022"/>
  <testcase name="testCompareJavaAndSqlTypes" classname="org.apache.calcite.test.ReflectiveSchemaTest" time="0.051"/>
  <testcase name="testDivideWraperWrapperMultipleTimes" classname="org.apache.calcite.test.ReflectiveSchemaTest" time="0.045"/>
  <testcase name="testTableFieldHasBadType" classname="org.apache.calcite.test.ReflectiveSchemaTest" time="0.009"/>
  <testcase name="testPrefix" classname="org.apache.calcite.test.ReflectiveSchemaTest" time="0.016"/>
  <testcase name="testViewPath" classname="org.apache.calcite.test.ReflectiveSchemaTest" time="0.049"/>
  <testcase name="testTableMacro" classname="org.apache.calcite.test.ReflectiveSchemaTest" time="0">
    <skipped/>
  </testcase>
</testsuite>