<?xml version="1.0" encoding="UTF-8"?>
<testsuite name="org.apache.calcite.test.LatticeTest" time="268.86" tests="35" errors="0" skipped="2" failures="0">
  <properties>
    <property name="java.runtime.name" value="Java(TM) SE Runtime Environment"/>
    <property name="sun.boot.library.path" value="/Library/Java/JavaVirtualMachines/jdk1.8.0_144.jdk/Contents/Home/jre/lib"/>
    <property name="java.vm.version" value="25.144-b01"/>
    <property name="gopherProxySet" value="false"/>
    <property name="java.vm.vendor" value="Oracle Corporation"/>
    <property name="maven.multiModuleProjectDirectory" value="/Users/shalini/Documents/DRFall2017/calcite/apache-calcite-1.10.0-src"/>
    <property name="java.vendor.url" value="http://java.oracle.com/"/>
    <property name="path.separator" value=":"/>
    <property name="guice.disable.misplaced.annotation.check" value="true"/>
    <property name="java.vm.name" value="Java HotSpot(TM) 64-Bit Server VM"/>
    <property name="file.encoding.pkg" value="sun.io"/>
    <property name="user.country" value="US"/>
    <property name="sun.java.launcher" value="SUN_STANDARD"/>
    <property name="sun.os.patch.level" value="unknown"/>
    <property name="java.vm.specification.name" value="Java Virtual Machine Specification"/>
    <property name="user.dir" value="/Users/shalini/Documents/DRFall2017/calcite/apache-calcite-1.10.0-src"/>
    <property name="java.runtime.version" value="1.8.0_144-b01"/>
    <property name="java.awt.graphicsenv" value="sun.awt.CGraphicsEnvironment"/>
    <property name="java.endorsed.dirs" value="/Library/Java/JavaVirtualMachines/jdk1.8.0_144.jdk/Contents/Home/jre/lib/endorsed"/>
    <property name="os.arch" value="x86_64"/>
    <property name="java.io.tmpdir" value="/var/folders/5g/l2rk_dhd08l5whxnhpf240040000gn/T/"/>
    <property name="line.separator" value="&#10;"/>
    <property name="java.vm.specification.vendor" value="Oracle Corporation"/>
    <property name="os.name" value="Mac OS X"/>
    <property name="classworlds.conf" value="/Users/shalini/Downloads/apache-maven-3.5.0/bin/m2.conf"/>
    <property name="sun.jnu.encoding" value="UTF-8"/>
    <property name="java.library.path" value="/Users/shalini/Library/Java/Extensions:/Library/Java/Extensions:/Network/Library/Java/Extensions:/System/Library/Java/Extensions:/usr/lib/java:."/>
    <property name="maven.conf" value="/Users/shalini/Downloads/apache-maven-3.5.0/conf"/>
    <property name="java.specification.name" value="Java Platform API Specification"/>
    <property name="java.class.version" value="52.0"/>
    <property name="sun.management.compiler" value="HotSpot 64-Bit Tiered Compilers"/>
    <property name="os.version" value="10.12.5"/>
    <property name="library.jansi.path" value="/Users/shalini/Downloads/apache-maven-3.5.0/lib/jansi-native/osx64"/>
    <property name="http.nonProxyHosts" value="local|*.local|169.254/16|*.169.254/16"/>
    <property name="user.home" value="/Users/shalini"/>
    <property name="user.timezone" value="America/Los_Angeles"/>
    <property name="java.awt.printerjob" value="sun.lwawt.macosx.CPrinterJob"/>
    <property name="java.specification.version" value="1.8"/>
    <property name="file.encoding" value="UTF-8"/>
    <property name="user.name" value="shalini"/>
    <property name="java.class.path" value="/Users/shalini/Downloads/apache-maven-3.5.0/boot/plexus-classworlds-2.5.2.jar"/>
    <property name="java.vm.specification.version" value="1.8"/>
    <property name="sun.arch.data.model" value="64"/>
    <property name="java.home" value="/Library/Java/JavaVirtualMachines/jdk1.8.0_144.jdk/Contents/Home/jre"/>
    <property name="sun.java.command" value="org.codehaus.plexus.classworlds.launcher.Launcher install"/>
    <property name="java.specification.vendor" value="Oracle Corporation"/>
    <property name="user.language" value="en"/>
    <property name="awt.toolkit" value="sun.lwawt.macosx.LWCToolkit"/>
    <property name="java.vm.info" value="mixed mode"/>
    <property name="java.version" value="1.8.0_144"/>
    <property name="java.ext.dirs" value="/Users/shalini/Library/Java/Extensions:/Library/Java/JavaVirtualMachines/jdk1.8.0_144.jdk/Contents/Home/jre/lib/ext:/Library/Java/Extensions:/Network/Library/Java/Extensions:/System/Library/Java/Extensions:/usr/lib/java"/>
    <property name="sun.boot.class.path" value="/Library/Java/JavaVirtualMachines/jdk1.8.0_144.jdk/Contents/Home/jre/lib/resources.jar:/Library/Java/JavaVirtualMachines/jdk1.8.0_144.jdk/Contents/Home/jre/lib/rt.jar:/Library/Java/JavaVirtualMachines/jdk1.8.0_144.jdk/Contents/Home/jre/lib/sunrsasign.jar:/Library/Java/JavaVirtualMachines/jdk1.8.0_144.jdk/Contents/Home/jre/lib/jsse.jar:/Library/Java/JavaVirtualMachines/jdk1.8.0_144.jdk/Contents/Home/jre/lib/jce.jar:/Library/Java/JavaVirtualMachines/jdk1.8.0_144.jdk/Contents/Home/jre/lib/charsets.jar:/Library/Java/JavaVirtualMachines/jdk1.8.0_144.jdk/Contents/Home/jre/lib/jfr.jar:/Library/Java/JavaVirtualMachines/jdk1.8.0_144.jdk/Contents/Home/jre/classes"/>
    <property name="java.vendor" value="Oracle Corporation"/>
    <property name="maven.home" value="/Users/shalini/Downloads/apache-maven-3.5.0"/>
    <property name="file.separator" value="/"/>
    <property name="java.vendor.url.bug" value="http://bugreport.sun.com/bugreport/"/>
    <property name="sun.cpu.endian" value="little"/>
    <property name="sun.io.unicode.encoding" value="UnicodeBig"/>
    <property name="socksNonProxyHosts" value="local|*.local|169.254/16|*.169.254/16"/>
    <property name="ftp.nonProxyHosts" value="local|*.local|169.254/16|*.169.254/16"/>
    <property name="sun.cpu.isalist" value=""/>
  </properties>
  <testcase name="testMeasureArgIsInvalidColumn" classname="org.apache.calcite.test.LatticeTest" time="0"/>
  <testcase name="testLatticeInvalidSql" classname="org.apache.calcite.test.LatticeTest" time="0.033"/>
  <testcase name="testSum" classname="org.apache.calcite.test.LatticeTest" time="1.422"/>
  <testcase name="testLatticeInvalidSqlFails" classname="org.apache.calcite.test.LatticeTest" time="0.014"/>
  <testcase name="testAllFoodmartQueries" classname="org.apache.calcite.test.LatticeTest" time="0">
    <skipped/>
  </testcase>
  <testcase name="testJG" classname="org.apache.calcite.test.LatticeTest" time="1.051"/>
  <testcase name="testTwoLattices" classname="org.apache.calcite.test.LatticeTest" time="52.029"/>
  <testcase name="testLatticeSqlWithGroupByFails" classname="org.apache.calcite.test.LatticeTest" time="0.036"/>
  <testcase name="testLatticeWithSameNameAsTable" classname="org.apache.calcite.test.LatticeTest" time="0.047"/>
  <testcase name="testGroupByEmptyWithPrelude" classname="org.apache.calcite.test.LatticeTest" time="1.136"/>
  <testcase name="testTileAlgorithm2" classname="org.apache.calcite.test.LatticeTest" time="129.14"/>
  <testcase name="testDistinctCount" classname="org.apache.calcite.test.LatticeTest" time="0.811"/>
  <testcase name="testLatticeRecognizeJoin" classname="org.apache.calcite.test.LatticeTest" time="0.082"/>
  <testcase name="testLatticeInvalidSql2" classname="org.apache.calcite.test.LatticeTest" time="0.028"/>
  <testcase name="testTwoLatticesWithSameNameFails" classname="org.apache.calcite.test.LatticeTest" time="0.034"/>
  <testcase name="testGroupByEmpty2" classname="org.apache.calcite.test.LatticeTest" time="0.198"/>
  <testcase name="testGroupByEmpty3" classname="org.apache.calcite.test.LatticeTest" time="0.325"/>
  <testcase name="testLatticeWithBadRowCountEstimate" classname="org.apache.calcite.test.LatticeTest" time="0">
    <skipped/>
  </testcase>
  <testcase name="testLatticeSqlWithOrderByFails" classname="org.apache.calcite.test.LatticeTest" time="0.02"/>
  <testcase name="testDistinctCount2" classname="org.apache.calcite.test.LatticeTest" time="0.791"/>
  <testcase name="testLatticeWithNoMeasures" classname="org.apache.calcite.test.LatticeTest" time="0"/>
  <testcase name="testLatticeWithPreDefinedTiles" classname="org.apache.calcite.test.LatticeTest" time="0.578"/>
  <testcase name="testLatticeWithPreDefinedTilesFewerMeasures" classname="org.apache.calcite.test.LatticeTest" time="1.292"/>
  <testcase name="testGroupByEmpty" classname="org.apache.calcite.test.LatticeTest" time="0.055"/>
  <testcase name="testMeasureAggIsInvalid" classname="org.apache.calcite.test.LatticeTest" time="0"/>
  <testcase name="testMeasureArgIsNotUniqueAlias" classname="org.apache.calcite.test.LatticeTest" time="0"/>
  <testcase name="testLatticeSqlWithJoin" classname="org.apache.calcite.test.LatticeTest" time="0.027"/>
  <testcase name="testTileAlgorithm" classname="org.apache.calcite.test.LatticeTest" time="74.827"/>
  <testcase name="testLatticeWithPreDefinedTilesRollUp" classname="org.apache.calcite.test.LatticeTest" time="1.099"/>
  <testcase name="testOneLatticeOneMV" classname="org.apache.calcite.test.LatticeTest" time="1.93"/>
  <testcase name="testDimensionIsInvalidColumn" classname="org.apache.calcite.test.LatticeTest" time="0.001"/>
  <testcase name="testTileWithNoMeasures" classname="org.apache.calcite.test.LatticeTest" time="0"/>
  <testcase name="testLatticeSqlWithUnionFails" classname="org.apache.calcite.test.LatticeTest" time="0.024"/>
  <testcase name="testLatticeRecognizeGroupJoin" classname="org.apache.calcite.test.LatticeTest" time="1.808"/>
  <testcase name="testLatticeStarTable" classname="org.apache.calcite.test.LatticeTest" time="0.022"/>
</testsuite>