<?xml version="1.0" encoding="UTF-8"?>
<testsuite name="org.apache.calcite.util.UtilTest" time="4.753" tests="54" errors="0" skipped="0" failures="0">
  <properties>
    <property name="java.runtime.name" value="Java(TM) SE Runtime Environment"/>
    <property name="sun.boot.library.path" value="/Library/Java/JavaVirtualMachines/jdk1.8.0_144.jdk/Contents/Home/jre/lib"/>
    <property name="java.vm.version" value="25.144-b01"/>
    <property name="gopherProxySet" value="false"/>
    <property name="java.vm.vendor" value="Oracle Corporation"/>
    <property name="maven.multiModuleProjectDirectory" value="/Users/shalini/Documents/DRFall2017/calcite/apache-calcite-1.10.0-src"/>
    <property name="java.vendor.url" value="http://java.oracle.com/"/>
    <property name="path.separator" value=":"/>
    <property name="guice.disable.misplaced.annotation.check" value="true"/>
    <property name="java.vm.name" value="Java HotSpot(TM) 64-Bit Server VM"/>
    <property name="file.encoding.pkg" value="sun.io"/>
    <property name="user.country" value="US"/>
    <property name="sun.java.launcher" value="SUN_STANDARD"/>
    <property name="sun.os.patch.level" value="unknown"/>
    <property name="java.vm.specification.name" value="Java Virtual Machine Specification"/>
    <property name="user.dir" value="/Users/shalini/Documents/DRFall2017/calcite/apache-calcite-1.10.0-src"/>
    <property name="java.runtime.version" value="1.8.0_144-b01"/>
    <property name="java.awt.graphicsenv" value="sun.awt.CGraphicsEnvironment"/>
    <property name="java.endorsed.dirs" value="/Library/Java/JavaVirtualMachines/jdk1.8.0_144.jdk/Contents/Home/jre/lib/endorsed"/>
    <property name="os.arch" value="x86_64"/>
    <property name="java.io.tmpdir" value="/var/folders/5g/l2rk_dhd08l5whxnhpf240040000gn/T/"/>
    <property name="line.separator" value="&#10;"/>
    <property name="java.vm.specification.vendor" value="Oracle Corporation"/>
    <property name="os.name" value="Mac OS X"/>
    <property name="classworlds.conf" value="/Users/shalini/Downloads/apache-maven-3.5.0/bin/m2.conf"/>
    <property name="sun.jnu.encoding" value="UTF-8"/>
    <property name="java.library.path" value="/Users/shalini/Library/Java/Extensions:/Library/Java/Extensions:/Network/Library/Java/Extensions:/System/Library/Java/Extensions:/usr/lib/java:."/>
    <property name="maven.conf" value="/Users/shalini/Downloads/apache-maven-3.5.0/conf"/>
    <property name="java.specification.name" value="Java Platform API Specification"/>
    <property name="java.class.version" value="52.0"/>
    <property name="sun.management.compiler" value="HotSpot 64-Bit Tiered Compilers"/>
    <property name="os.version" value="10.12.5"/>
    <property name="library.jansi.path" value="/Users/shalini/Downloads/apache-maven-3.5.0/lib/jansi-native/osx64"/>
    <property name="http.nonProxyHosts" value="local|*.local|169.254/16|*.169.254/16"/>
    <property name="user.home" value="/Users/shalini"/>
    <property name="user.timezone" value="America/Los_Angeles"/>
    <property name="java.awt.printerjob" value="sun.lwawt.macosx.CPrinterJob"/>
    <property name="java.specification.version" value="1.8"/>
    <property name="file.encoding" value="UTF-8"/>
    <property name="user.name" value="shalini"/>
    <property name="java.class.path" value="/Users/shalini/Downloads/apache-maven-3.5.0/boot/plexus-classworlds-2.5.2.jar"/>
    <property name="java.vm.specification.version" value="1.8"/>
    <property name="sun.arch.data.model" value="64"/>
    <property name="java.home" value="/Library/Java/JavaVirtualMachines/jdk1.8.0_144.jdk/Contents/Home/jre"/>
    <property name="sun.java.command" value="org.codehaus.plexus.classworlds.launcher.Launcher install"/>
    <property name="java.specification.vendor" value="Oracle Corporation"/>
    <property name="user.language" value="en"/>
    <property name="awt.toolkit" value="sun.lwawt.macosx.LWCToolkit"/>
    <property name="java.vm.info" value="mixed mode"/>
    <property name="java.version" value="1.8.0_144"/>
    <property name="java.ext.dirs" value="/Users/shalini/Library/Java/Extensions:/Library/Java/JavaVirtualMachines/jdk1.8.0_144.jdk/Contents/Home/jre/lib/ext:/Library/Java/Extensions:/Network/Library/Java/Extensions:/System/Library/Java/Extensions:/usr/lib/java"/>
    <property name="sun.boot.class.path" value="/Library/Java/JavaVirtualMachines/jdk1.8.0_144.jdk/Contents/Home/jre/lib/resources.jar:/Library/Java/JavaVirtualMachines/jdk1.8.0_144.jdk/Contents/Home/jre/lib/rt.jar:/Library/Java/JavaVirtualMachines/jdk1.8.0_144.jdk/Contents/Home/jre/lib/sunrsasign.jar:/Library/Java/JavaVirtualMachines/jdk1.8.0_144.jdk/Contents/Home/jre/lib/jsse.jar:/Library/Java/JavaVirtualMachines/jdk1.8.0_144.jdk/Contents/Home/jre/lib/jce.jar:/Library/Java/JavaVirtualMachines/jdk1.8.0_144.jdk/Contents/Home/jre/lib/charsets.jar:/Library/Java/JavaVirtualMachines/jdk1.8.0_144.jdk/Contents/Home/jre/lib/jfr.jar:/Library/Java/JavaVirtualMachines/jdk1.8.0_144.jdk/Contents/Home/jre/classes"/>
    <property name="java.vendor" value="Oracle Corporation"/>
    <property name="maven.home" value="/Users/shalini/Downloads/apache-maven-3.5.0"/>
    <property name="file.separator" value="/"/>
    <property name="java.vendor.url.bug" value="http://bugreport.sun.com/bugreport/"/>
    <property name="sun.cpu.endian" value="little"/>
    <property name="sun.io.unicode.encoding" value="UnicodeBig"/>
    <property name="socksNonProxyHosts" value="local|*.local|169.254/16|*.169.254/16"/>
    <property name="ftp.nonProxyHosts" value="local|*.local|169.254/16|*.169.254/16"/>
    <property name="sun.cpu.isalist" value=""/>
  </properties>
  <testcase name="testImmutableIntList" classname="org.apache.calcite.util.UtilTest" time="0.001"/>
  <testcase name="testScientificNotation" classname="org.apache.calcite.util.UtilTest" time="0.002"/>
  <testcase name="testFlatList" classname="org.apache.calcite.util.UtilTest" time="0.006"/>
  <testcase name="testJsonBuilder" classname="org.apache.calcite.util.UtilTest" time="0.002"/>
  <testcase name="testToCamelCase" classname="org.apache.calcite.util.UtilTest" time="0.014"/>
  <testcase name="testConsPerformance" classname="org.apache.calcite.util.UtilTest" time="2.528"/>
  <testcase name="testParseLocale" classname="org.apache.calcite.util.UtilTest" time="0.001"/>
  <testcase name="testPrintEquals" classname="org.apache.calcite.util.UtilTest" time="0"/>
  <testcase name="testToJavaId" classname="org.apache.calcite.util.UtilTest" time="0.038"/>
  <testcase name="testStartsWithList" classname="org.apache.calcite.util.UtilTest" time="0.009"/>
  <testcase name="testResources" classname="org.apache.calcite.util.UtilTest" time="1"/>
  <testcase name="testHuman" classname="org.apache.calcite.util.UtilTest" time="0.022"/>
  <testcase name="testPairZip" classname="org.apache.calcite.util.UtilTest" time="0.006"/>
  <testcase name="testCompositeList" classname="org.apache.calcite.util.UtilTest" time="0.003"/>
  <testcase name="testCons" classname="org.apache.calcite.util.UtilTest" time="0.001"/>
  <testcase name="testHash" classname="org.apache.calcite.util.UtilTest" time="0.001"/>
  <testcase name="testTryThreadLocal" classname="org.apache.calcite.util.UtilTest" time="0.002"/>
  <testcase name="testRelBuilderExample" classname="org.apache.calcite.util.UtilTest" time="0.823"/>
  <testcase name="testCommaList" classname="org.apache.calcite.util.UtilTest" time="0"/>
  <testcase name="testTemplate" classname="org.apache.calcite.util.UtilTest" time="0.003"/>
  <testcase name="testFlatList2" classname="org.apache.calcite.util.UtilTest" time="0.023"/>
  <testcase name="testIntegerIntervalSet" classname="org.apache.calcite.util.UtilTest" time="0.01"/>
  <testcase name="testIterableProperties" classname="org.apache.calcite.util.UtilTest" time="0.001"/>
  <testcase name="testTokenize" classname="org.apache.calcite.util.UtilTest" time="0.002"/>
  <testcase name="testPrintEquals2" classname="org.apache.calcite.util.UtilTest" time="0"/>
  <testcase name="testPrintEquals3" classname="org.apache.calcite.util.UtilTest" time="0"/>
  <testcase name="testPrintEquals4" classname="org.apache.calcite.util.UtilTest" time="0"/>
  <testcase name="testPrintEquals5" classname="org.apache.calcite.util.UtilTest" time="0"/>
  <testcase name="testIsDistinctBenchmark" classname="org.apache.calcite.util.UtilTest" time="0.061"/>
  <testcase name="testOrdReverse" classname="org.apache.calcite.util.UtilTest" time="0.002"/>
  <testcase name="testQuotientList" classname="org.apache.calcite.util.UtilTest" time="0"/>
  <testcase name="testBitString" classname="org.apache.calcite.util.UtilTest" time="0.125"/>
  <testcase name="testListToString" classname="org.apache.calcite.util.UtilTest" time="0"/>
  <testcase name="testCamelToUpper" classname="org.apache.calcite.util.UtilTest" time="0"/>
  <testcase name="testCastingList" classname="org.apache.calcite.util.UtilTest" time="0.001"/>
  <testcase name="testPairFirstAnd" classname="org.apache.calcite.util.UtilTest" time="0.005"/>
  <testcase name="testImmutableNullableListBuilder" classname="org.apache.calcite.util.UtilTest" time="0"/>
  <testcase name="testSortedSet" classname="org.apache.calcite.util.UtilTest" time="0.014"/>
  <testcase name="testCompositeMap" classname="org.apache.calcite.util.UtilTest" time="0.016"/>
  <testcase name="testDistinct" classname="org.apache.calcite.util.UtilTest" time="0"/>
  <testcase name="testUnmodifiableArrayList" classname="org.apache.calcite.util.UtilTest" time="0"/>
  <testcase name="testPosixTimeZone" classname="org.apache.calcite.util.UtilTest" time="0.007"/>
  <testcase name="testEnumConstants" classname="org.apache.calcite.util.UtilTest" time="0.003"/>
  <testcase name="testFirstDuplicate" classname="org.apache.calcite.util.UtilTest" time="0"/>
  <testcase name="testAsIndexView" classname="org.apache.calcite.util.UtilTest" time="0.002"/>
  <testcase name="testSqlBuilder" classname="org.apache.calcite.util.UtilTest" time="0.001"/>
  <testcase name="testFlatListProduct" classname="org.apache.calcite.util.UtilTest" time="0.003"/>
  <testcase name="testLitmus" classname="org.apache.calcite.util.UtilTest" time="0.002"/>
  <testcase name="testParameterName" classname="org.apache.calcite.util.UtilTest" time="0.003"/>
  <testcase name="testPairAdjacents" classname="org.apache.calcite.util.UtilTest" time="0.001"/>
  <testcase name="testImmutableNullableList" classname="org.apache.calcite.util.UtilTest" time="0.002"/>
  <testcase name="testSpaces" classname="org.apache.calcite.util.UtilTest" time="0.001"/>
  <testcase name="testSpaceString" classname="org.apache.calcite.util.UtilTest" time="0"/>
  <testcase name="testDiffLines" classname="org.apache.calcite.util.UtilTest" time="0.006"/>
</testsuite>